12:41:17.625 [main] INFO  com.example.stock.StockApplication : Starting StockApplication using Java 11.0.18 on DESKTOP-RP89ORT with PID 155396 (C:\Spring\stock\build\classes\java\main started by sungj in C:\Spring\stock)
12:41:17.628 [main] INFO  com.example.stock.StockApplication : No active profile set, falling back to 1 default profile: "default"
12:41:18.182 [main] INFO  o.s.d.r.c.RepositoryConfigurationDelegate : Multiple Spring Data modules found, entering strict repository configuration mode
12:41:18.182 [main] INFO  o.s.d.r.c.RepositoryConfigurationDelegate : Bootstrapping Spring Data JPA repositories in DEFAULT mode.
12:41:18.248 [main] INFO  o.s.d.r.c.RepositoryConfigurationDelegate : Finished Spring Data repository scanning in 61 ms. Found 3 JPA repository interfaces.
12:41:18.258 [main] INFO  o.s.d.r.c.RepositoryConfigurationDelegate : Multiple Spring Data modules found, entering strict repository configuration mode
12:41:18.259 [main] INFO  o.s.d.r.c.RepositoryConfigurationDelegate : Bootstrapping Spring Data Redis repositories in DEFAULT mode.
12:41:18.272 [main] INFO  o.s.d.r.c.RepositoryConfigurationExtensionSupport : Spring Data Redis - Could not safely identify store assignment for repository candidate interface com.example.stock.persist.CompanyRepository; If you want this repository to be a Redis repository, consider annotating your entities with one of these annotations: org.springframework.data.redis.core.RedisHash (preferred), or consider extending one of the following types with your repository: org.springframework.data.keyvalue.repository.KeyValueRepository
12:41:18.273 [main] INFO  o.s.d.r.c.RepositoryConfigurationExtensionSupport : Spring Data Redis - Could not safely identify store assignment for repository candidate interface com.example.stock.persist.DividendRepository; If you want this repository to be a Redis repository, consider annotating your entities with one of these annotations: org.springframework.data.redis.core.RedisHash (preferred), or consider extending one of the following types with your repository: org.springframework.data.keyvalue.repository.KeyValueRepository
12:41:18.273 [main] INFO  o.s.d.r.c.RepositoryConfigurationExtensionSupport : Spring Data Redis - Could not safely identify store assignment for repository candidate interface com.example.stock.persist.MemberRepository; If you want this repository to be a Redis repository, consider annotating your entities with one of these annotations: org.springframework.data.redis.core.RedisHash (preferred), or consider extending one of the following types with your repository: org.springframework.data.keyvalue.repository.KeyValueRepository
12:41:18.273 [main] INFO  o.s.d.r.c.RepositoryConfigurationDelegate : Finished Spring Data repository scanning in 8 ms. Found 0 Redis repository interfaces.
12:41:18.747 [main] INFO  o.s.b.w.e.tomcat.TomcatWebServer : Tomcat initialized with port(s): 8080 (http)
12:41:18.754 [main] INFO  o.a.coyote.http11.Http11NioProtocol : Initializing ProtocolHandler ["http-nio-8080"]
12:41:18.754 [main] INFO  o.a.catalina.core.StandardService : Starting service [Tomcat]
12:41:18.755 [main] INFO  o.a.catalina.core.StandardEngine : Starting Servlet engine: [Apache Tomcat/9.0.78]
12:41:18.854 [main] INFO  o.a.c.c.C.[Tomcat].[localhost].[/] : Initializing Spring embedded WebApplicationContext
12:41:18.854 [main] INFO  o.s.b.w.s.c.ServletWebServerApplicationContext : Root WebApplicationContext: initialization completed in 1191 ms
12:41:18.880 [main] INFO  com.zaxxer.hikari.HikariDataSource : HikariPool-1 - Starting...
12:41:18.985 [main] INFO  com.zaxxer.hikari.HikariDataSource : HikariPool-1 - Start completed.
12:41:18.995 [main] INFO  o.s.b.a.h.H2ConsoleAutoConfiguration : H2 console available at '/h2-console'. Database available at 'jdbc:h2:mem:dayone'
12:41:19.121 [main] INFO  o.h.jpa.internal.util.LogHelper : HHH000204: Processing PersistenceUnitInfo [name: default]
12:41:19.168 [main] INFO  org.hibernate.Version : HHH000412: Hibernate ORM core version 5.6.15.Final
12:41:19.297 [main] INFO  o.h.annotations.common.Version : HCANN000001: Hibernate Commons Annotations {5.1.2.Final}
12:41:19.392 [main] INFO  org.hibernate.dialect.Dialect : HHH000400: Using dialect: org.hibernate.dialect.H2Dialect
12:41:19.904 [main] INFO  o.h.e.t.j.p.i.JtaPlatformInitiator : HHH000490: Using JtaPlatform implementation: [org.hibernate.engine.transaction.jta.platform.internal.NoJtaPlatform]
12:41:19.912 [main] INFO  o.s.o.j.LocalContainerEntityManagerFactoryBean : Initialized JPA EntityManagerFactory for persistence unit 'default'
12:41:20.332 [main] WARN  o.s.b.a.o.j.JpaBaseConfiguration$JpaWebConfiguration : spring.jpa.open-in-view is enabled by default. Therefore, database queries may be performed during view rendering. Explicitly configure spring.jpa.open-in-view to disable this warning
12:41:20.575 [main] WARN  o.s.s.c.a.web.builders.WebSecurity : You are asking Spring Security to ignore Ant [pattern='/h2-console/**']. This is not recommended -- please use permitAll via HttpSecurity#authorizeHttpRequests instead.
12:41:20.575 [main] INFO  o.s.s.web.DefaultSecurityFilterChain : Will not secure Ant [pattern='/h2-console/**']
12:41:20.608 [main] INFO  o.s.s.web.DefaultSecurityFilterChain : Will secure any request with [org.springframework.security.web.session.DisableEncodeUrlFilter@6632eb19, org.springframework.security.web.context.request.async.WebAsyncManagerIntegrationFilter@42db3ff, org.springframework.security.web.context.SecurityContextPersistenceFilter@7dd2a5f7, org.springframework.security.web.header.HeaderWriterFilter@1d988297, org.springframework.security.web.authentication.logout.LogoutFilter@5ace6611, com.example.stock.security.JWTAuthenticationFilter@f0381f0, org.springframework.security.web.savedrequest.RequestCacheAwareFilter@46146832, org.springframework.security.web.servletapi.SecurityContextHolderAwareRequestFilter@15a5cc6e, org.springframework.security.web.authentication.AnonymousAuthenticationFilter@5a95aaae, org.springframework.security.web.session.SessionManagementFilter@4fc8163, org.springframework.security.web.access.ExceptionTranslationFilter@7ba623d1, org.springframework.security.web.access.intercept.FilterSecurityInterceptor@18139a43]
12:41:21.031 [main] INFO  o.a.coyote.http11.Http11NioProtocol : Starting ProtocolHandler ["http-nio-8080"]
12:41:21.048 [main] INFO  o.s.b.w.e.tomcat.TomcatWebServer : Tomcat started on port(s): 8080 (http) with context path ''
12:41:21.062 [main] INFO  com.example.stock.StockApplication : Started StockApplication in 3.845 seconds (JVM running for 4.779)
12:41:56.917 [http-nio-8080-exec-2] INFO  o.a.c.c.C.[Tomcat].[localhost].[/] : Initializing Spring DispatcherServlet 'dispatcherServlet'
12:41:56.917 [http-nio-8080-exec-2] INFO  o.s.web.servlet.DispatcherServlet : Initializing Servlet 'dispatcherServlet'
12:41:56.919 [http-nio-8080-exec-2] INFO  o.s.web.servlet.DispatcherServlet : Completed initialization in 1 ms
12:42:00.665 [http-nio-8080-exec-3] INFO  com.example.stock.web.AuthController : user login -> grace
12:42:34.944 [http-nio-8080-exec-5] INFO  c.e.s.s.JWTAuthenticationFilter : [grace] -> /company
12:42:34.951 [http-nio-8080-exec-5] WARN  o.s.w.s.m.s.DefaultHandlerExceptionResolver : Resolved [org.springframework.http.converter.HttpMessageNotReadableException: Required request body is missing: public org.springframework.http.ResponseEntity<?> com.example.stock.web.CompanyController.addCompany(com.example.stock.model.Company)]
12:42:41.095 [http-nio-8080-exec-7] INFO  c.e.s.s.JWTAuthenticationFilter : [grace] -> /company
12:42:41.096 [http-nio-8080-exec-7] WARN  o.s.w.s.m.s.DefaultHandlerExceptionResolver : Resolved [org.springframework.http.converter.HttpMessageNotReadableException: Required request body is missing: public org.springframework.http.ResponseEntity<?> com.example.stock.web.CompanyController.addCompany(com.example.stock.model.Company)]
12:43:04.917 [http-nio-8080-exec-9] INFO  c.e.s.s.JWTAuthenticationFilter : [grace] -> /company
